[INFO      ] [модуль:              __main__] 2024-02-20 15:42:59,870   - Скрипт запущен
[INFO      ] [модуль: task_1.number_squares] 2024-02-20 15:42:59,871   - Получение пользовательских данных
[INFO      ] [модуль: task_1.number_squares] 2024-02-20 15:43:02,553   - Получено корректное значение: 5
[INFO      ] [модуль: task_1.number_squares] 2024-02-20 15:43:02,553   - Инициализация экземпляра класса NumberSquares для создания итератора
[INFO      ] [модуль: task_1.number_squares] 2024-02-20 15:43:02,553   - Экземпляр класса NumberSquares успешно инициализирован
[INFO      ] [модуль: task_1.number_squares] 2024-02-20 15:43:02,553   - Запуск метода next итератора NumberSquares
[INFO      ] [модуль: task_1.number_squares] 2024-02-20 15:43:02,553   - Результат выполнения метода next - 1
[INFO      ] [модуль: task_1.number_squares] 2024-02-20 15:43:02,554   - Запуск функции number_squares_generator
[INFO      ] [модуль: task_1.number_squares] 2024-02-20 15:43:02,554   - Функция number_squares_generator отработала корректно
[INFO      ] [модуль:              __main__] 2024-02-20 15:43:02,554   - Создание генераторного выражения
[INFO      ] [модуль:              __main__] 2024-02-20 15:43:02,554   - Успешно создано генераторное выражение - generator_expression
[INFO      ] [модуль:              __main__] 2024-02-20 16:57:21,785   - Скрипт запущен
[INFO      ] [модуль:     task_2.file_paths] 2024-02-20 16:57:21,786   - Запрос каталога пользователя
[INFO      ] [модуль:     task_2.file_paths] 2024-02-20 16:57:26,199   - Функция get_files_path отработала корректно. Имя каталога: /home/anton/Downloads
[INFO      ] [модуль:     task_2.file_paths] 2024-02-20 16:57:26,200   - Запуск функции gen_files_path
[INFO      ] [модуль:     task_2.file_paths] 2024-02-20 16:57:26,210   - Функция gen_files_path отработала корректно
[INFO      ] [модуль:              __main__] 2024-02-20 16:58:37,753   - Скрипт запущен
[INFO      ] [модуль:     task_2.file_paths] 2024-02-20 16:58:37,753   - Запрос каталога пользователя
[INFO      ] [модуль:     task_2.file_paths] 2024-02-20 16:58:40,207   - Функция get_files_path отработала корректно. Получено имя каталога: /home/anton/Downloads
[INFO      ] [модуль:     task_2.file_paths] 2024-02-20 16:58:40,207   - Запуск функции gen_files_path
[INFO      ] [модуль:     task_2.file_paths] 2024-02-20 16:58:40,218   - Функция gen_files_path отработала корректно
[INFO      ] [модуль:              __main__] 2024-02-20 16:59:15,993   - Скрипт запущен
[INFO      ] [модуль:     task_2.file_paths] 2024-02-20 16:59:15,993   - Запрос каталога пользователя
[INFO      ] [модуль:     task_2.file_paths] 2024-02-20 16:59:18,667   - Функция get_files_path отработала корректно. Получено имя каталога: test
[INFO      ] [модуль:     task_2.file_paths] 2024-02-20 16:59:18,667   - Запуск функции gen_files_path
[INFO      ] [модуль:              __main__] 2024-02-20 17:03:30,307   - Скрипт запущен
[INFO      ] [модуль:     task_2.file_paths] 2024-02-20 17:03:30,307   - Запрос каталога пользователя
[INFO      ] [модуль:     task_2.file_paths] 2024-02-20 17:03:32,569   - Функция get_files_path отработала корректно. Получено имя каталога: test
[INFO      ] [модуль:     task_2.file_paths] 2024-02-20 17:03:32,571   - Запуск функции gen_files_path
[ERROR     ] [модуль:     task_2.file_paths] 2024-02-20 17:03:32,571   - Указанного каталога не существует
[INFO      ] [модуль:              __main__] 2024-02-20 17:03:52,621   - Скрипт запущен
[INFO      ] [модуль:     task_2.file_paths] 2024-02-20 17:03:52,621   - Запрос каталога пользователя
[INFO      ] [модуль:     task_2.file_paths] 2024-02-20 17:04:00,927   - Функция get_files_path отработала корректно. Получено имя каталога: /home/anton/Downloads
[INFO      ] [модуль:     task_2.file_paths] 2024-02-20 17:04:00,936   - Запуск функции gen_files_path
[INFO      ] [модуль:     task_2.file_paths] 2024-02-20 17:04:00,945   - Функция gen_files_path отработала корректно
[INFO      ] [модуль:              __main__] 2024-02-20 18:16:48,483   - Скрипт запущен
[INFO      ] [модуль:     task_2.file_paths] 2024-02-20 18:16:48,483   - Запрос каталога пользователя
[INFO      ] [модуль:     task_2.file_paths] 2024-02-20 18:16:54,330   - Функция get_files_path отработала корректно. Получено имя каталога: test
[INFO      ] [модуль:     task_2.file_paths] 2024-02-20 18:16:54,330   - Запуск функции gen_files_path
[ERROR     ] [модуль:     task_2.file_paths] 2024-02-20 18:16:54,330   - Указанного каталога не существует
[INFO      ] [модуль:              __main__] 2024-02-20 19:45:07,470   - Скрипт запущен
[INFO      ] [модуль:task_3.number_of_lines] 2024-02-20 19:45:07,470   - Запрос каталога пользователя
[INFO      ] [модуль:task_3.number_of_lines] 2024-02-20 19:45:22,607   - Функция get_files_path отработала корректно. Получено имя каталога: /home/anton/Documents
[INFO      ] [модуль:task_3.number_of_lines] 2024-02-20 19:45:22,607   - Запуск функции numbers_of_lines
[INFO      ] [модуль:task_3.number_of_lines] 2024-02-20 19:45:22,607   - В указанном каталоге отсутствуют python файлы
[INFO      ] [модуль:              __main__] 2024-02-20 19:46:27,931   - Скрипт запущен
[INFO      ] [модуль:task_3.number_of_lines] 2024-02-20 19:46:27,931   - Запрос каталога пользователя
[INFO      ] [модуль:task_3.number_of_lines] 2024-02-20 19:46:40,049   - Функция get_files_path отработала корректно. Получено имя каталога: home/anton/Downloads
[INFO      ] [модуль:task_3.number_of_lines] 2024-02-20 19:46:40,049   - Запуск функции numbers_of_lines
[ERROR     ] [модуль:task_3.number_of_lines] 2024-02-20 19:46:40,049   - Указанного каталога не существует
[INFO      ] [модуль:              __main__] 2024-02-20 19:47:59,203   - Скрипт запущен
[INFO      ] [модуль:task_3.number_of_lines] 2024-02-20 19:47:59,204   - Запрос каталога пользователя
[INFO      ] [модуль:task_3.number_of_lines] 2024-02-20 19:48:01,821   - Функция get_files_path отработала корректно. Получено имя каталога: /home/anton/Downloads
[INFO      ] [модуль:task_3.number_of_lines] 2024-02-20 19:48:01,821   - Запуск функции numbers_of_lines
[INFO      ] [модуль:task_3.number_of_lines] 2024-02-20 19:48:01,822   - В указанном каталоге /home/anton/Downloads отсутствуют файлы c расширением .py
[INFO      ] [модуль:task_3.number_of_lines] 2024-02-20 19:48:01,822   - В указанном каталоге /home/anton/Downloads отсутствуют файлы c расширением .py
[INFO      ] [модуль:task_3.number_of_lines] 2024-02-20 19:48:01,822   - В указанном каталоге /home/anton/Downloads отсутствуют файлы c расширением .py
[INFO      ] [модуль:task_3.number_of_lines] 2024-02-20 19:48:01,822   - В указанном каталоге /home/anton/Downloads отсутствуют файлы c расширением .py
[INFO      ] [модуль:task_3.number_of_lines] 2024-02-20 19:48:01,822   - В указанном каталоге /home/anton/Downloads отсутствуют файлы c расширением .py
[INFO      ] [модуль:task_3.number_of_lines] 2024-02-20 19:48:01,822   - В указанном каталоге /home/anton/Downloads отсутствуют файлы c расширением .py
[INFO      ] [модуль:task_3.number_of_lines] 2024-02-20 19:48:01,823   - В указанном каталоге /home/anton/Downloads отсутствуют файлы c расширением .py
[INFO      ] [модуль:task_3.number_of_lines] 2024-02-20 19:48:01,823   - В указанном каталоге /home/anton/Downloads отсутствуют файлы c расширением .py
[INFO      ] [модуль:task_3.number_of_lines] 2024-02-20 19:48:01,823   - В указанном каталоге /home/anton/Downloads отсутствуют файлы c расширением .py
[INFO      ] [модуль:task_3.number_of_lines] 2024-02-20 19:48:01,823   - В указанном каталоге /home/anton/Downloads отсутствуют файлы c расширением .py
[INFO      ] [модуль:task_3.number_of_lines] 2024-02-20 19:48:01,823   - В указанном каталоге /home/anton/Downloads отсутствуют файлы c расширением .py
[INFO      ] [модуль:task_3.number_of_lines] 2024-02-20 19:48:01,823   - В указанном каталоге /home/anton/Downloads отсутствуют файлы c расширением .py
[INFO      ] [модуль:task_3.number_of_lines] 2024-02-20 19:48:01,824   - В указанном каталоге /home/anton/Downloads отсутствуют файлы c расширением .py
[INFO      ] [модуль:              __main__] 2024-02-20 20:07:06,993   - Скрипт запущен
[INFO      ] [модуль:task_3.number_of_lines] 2024-02-20 20:07:06,993   - Запрос каталога пользователя
[INFO      ] [модуль:task_3.number_of_lines] 2024-02-20 20:07:09,524   - Функция get_files_path отработала корректно. Получено имя каталога: /home/anton/PycharmProjects/iterators_and_generators/task_3
[INFO      ] [модуль:task_3.number_of_lines] 2024-02-20 20:07:09,524   - Запуск функции numbers_of_lines
[INFO      ] [модуль:task_3.number_of_lines] 2024-02-20 20:07:09,524   - В указанном каталоге /home/anton/PycharmProjects/iterators_and_generators/task_3 отсутствуют файлы c расширением .py
[INFO      ] [модуль:              __main__] 2024-02-20 20:09:17,860   - Скрипт запущен
[INFO      ] [модуль:task_3.number_of_lines] 2024-02-20 20:09:17,861   - Запрос каталога пользователя
[INFO      ] [модуль:task_3.number_of_lines] 2024-02-20 20:09:20,368   - Функция get_files_path отработала корректно. Получено имя каталога: test
[INFO      ] [модуль:task_3.number_of_lines] 2024-02-20 20:09:20,368   - Запуск функции numbers_of_lines
[ERROR     ] [модуль:task_3.number_of_lines] 2024-02-20 20:09:20,368   - Указанного каталога не существует
[INFO      ] [модуль:              __main__] 2024-02-20 20:10:27,201   - Скрипт запущен
[INFO      ] [модуль:task_3.number_of_lines] 2024-02-20 20:10:27,201   - Запрос каталога пользователя
[INFO      ] [модуль:task_3.number_of_lines] 2024-02-20 20:10:34,129   - Функция get_files_path отработала корректно. Получено имя каталога: /home/anton/PycharmProjects/iterators_and_generators/task_3
[INFO      ] [модуль:task_3.number_of_lines] 2024-02-20 20:10:34,130   - Запуск функции numbers_of_lines
[INFO      ] [модуль:task_3.number_of_lines] 2024-02-20 20:10:34,130   - В указанном каталоге /home/anton/PycharmProjects/iterators_and_generators/task_3 отсутствуют файлы c расширением .py
[INFO      ] [модуль:              __main__] 2024-02-21 20:26:33,563   - Скрипт запущен
[INFO      ] [модуль:task_3.number_of_lines] 2024-02-21 20:26:33,563   - Запрос каталога пользователя
[INFO      ] [модуль:task_3.number_of_lines] 2024-02-21 20:26:36,053   - Функция get_files_path отработала корректно. Получено имя каталога: /home/anton/PycharmProjects/iterators_and_generators/
[INFO      ] [модуль:task_3.number_of_lines] 2024-02-21 20:26:36,053   - Запуск функции numbers_of_lines
[INFO      ] [модуль:              __main__] 2024-02-21 20:26:45,645   - Скрипт запущен
[INFO      ] [модуль:task_3.number_of_lines] 2024-02-21 20:26:45,645   - Запрос каталога пользователя
[INFO      ] [модуль:task_3.number_of_lines] 2024-02-21 20:26:55,989   - Функция get_files_path отработала корректно. Получено имя каталога: /home/anton/Documents
[INFO      ] [модуль:task_3.number_of_lines] 2024-02-21 20:26:55,989   - Запуск функции numbers_of_lines
[INFO      ] [модуль:              __main__] 2024-02-21 20:44:47,245   - Скрипт запущен
[INFO      ] [модуль:task_3.number_of_lines] 2024-02-21 20:44:47,245   - Запрос каталога пользователя
[INFO      ] [модуль:task_3.number_of_lines] 2024-02-21 20:44:54,969   - Функция get_files_path отработала корректно. Получено имя каталога: /home/anton/PycharmProjects/iterators_and_generators
[INFO      ] [модуль:task_3.number_of_lines] 2024-02-21 20:44:54,970   - Запуск функции numbers_of_lines
[INFO      ] [модуль:              __main__] 2024-02-21 20:48:03,811   - Скрипт запущен
[INFO      ] [модуль:task_3.number_of_lines] 2024-02-21 20:48:03,811   - Запрос каталога пользователя
[INFO      ] [модуль:task_3.number_of_lines] 2024-02-21 20:48:05,678   - Функция get_files_path отработала корректно. Получено имя каталога: /home/anton/PycharmProjects/iterators_and_generators
[INFO      ] [модуль:task_3.number_of_lines] 2024-02-21 20:48:05,678   - Запуск функции numbers_of_lines
[INFO      ] [модуль:              __main__] 2024-02-21 20:48:48,841   - Скрипт запущен
[INFO      ] [модуль:task_3.number_of_lines] 2024-02-21 20:48:48,841   - Запрос каталога пользователя
[INFO      ] [модуль:task_3.number_of_lines] 2024-02-21 20:48:52,162   - Функция get_files_path отработала корректно. Получено имя каталога: /home/anton/PycharmProjects/iterators_and_generators
[INFO      ] [модуль:task_3.number_of_lines] 2024-02-21 20:48:52,162   - Запуск функции numbers_of_lines
[INFO      ] [модуль:              __main__] 2024-02-21 20:49:10,006   - Скрипт запущен
[INFO      ] [модуль:task_3.number_of_lines] 2024-02-21 20:49:10,006   - Запрос каталога пользователя
[INFO      ] [модуль:task_3.number_of_lines] 2024-02-21 20:49:17,511   - Функция get_files_path отработала корректно. Получено имя каталога: /home/anton/PycharmProjects/iterators_and_generators/task_3
[INFO      ] [модуль:task_3.number_of_lines] 2024-02-21 20:49:17,511   - Запуск функции numbers_of_lines
[INFO      ] [модуль:              __main__] 2024-02-21 20:50:37,587   - Скрипт запущен
[INFO      ] [модуль:task_3.number_of_lines] 2024-02-21 20:50:37,587   - Запрос каталога пользователя
[INFO      ] [модуль:task_3.number_of_lines] 2024-02-21 20:50:39,758   - Функция get_files_path отработала корректно. Получено имя каталога: /home/anton/PycharmProjects/iterators_and_generators/task_3
[INFO      ] [модуль:task_3.number_of_lines] 2024-02-21 20:50:39,758   - Запуск функции numbers_of_lines
[INFO      ] [модуль:task_3.number_of_lines] 2024-02-21 20:50:39,758   - Функция numbers_of_lines отработала корректно
[INFO      ] [модуль:              __main__] 2024-02-21 20:50:51,683   - Скрипт запущен
[INFO      ] [модуль:task_3.number_of_lines] 2024-02-21 20:50:51,684   - Запрос каталога пользователя
[INFO      ] [модуль:task_3.number_of_lines] 2024-02-21 20:50:57,184   - Функция get_files_path отработала корректно. Получено имя каталога: test
[INFO      ] [модуль:task_3.number_of_lines] 2024-02-21 20:50:57,184   - Запуск функции numbers_of_lines
[ERROR     ] [модуль:task_3.number_of_lines] 2024-02-21 20:50:57,184   - Указанного каталога не существует
[INFO      ] [модуль:              __main__] 2024-02-21 20:51:12,296   - Скрипт запущен
[INFO      ] [модуль:task_3.number_of_lines] 2024-02-21 20:51:12,297   - Запрос каталога пользователя
[INFO      ] [модуль:task_3.number_of_lines] 2024-02-21 20:51:23,246   - Функция get_files_path отработала корректно. Получено имя каталога: /home/anton/Documents
[INFO      ] [модуль:task_3.number_of_lines] 2024-02-21 20:51:23,246   - Запуск функции numbers_of_lines
[INFO      ] [модуль:task_3.number_of_lines] 2024-02-21 20:51:23,251   - В указанной директории отсутствуют файлы с расширением .py
[INFO      ] [модуль:              __main__] 2024-02-27 15:53:06,853   - Скрипт запущен
[INFO      ] [модуль:              __main__] 2024-02-27 15:53:28,264   - Скрипт запущен
[INFO      ] [модуль:              __main__] 2024-02-27 15:54:39,460   - Скрипт запущен
[INFO      ] [модуль:              __main__] 2024-02-27 15:55:20,443   - Скрипт запущен
[INFO      ] [модуль:              __main__] 2024-02-27 15:55:30,573   - Скрипт запущен
[INFO      ] [модуль:              __main__] 2024-02-27 15:55:59,612   - Скрипт запущен
[INFO      ] [модуль:              __main__] 2024-02-27 15:56:13,396   - Скрипт запущен
[INFO      ] [модуль:              __main__] 2024-02-27 15:56:28,997   - Скрипт запущен
[INFO      ] [модуль:              __main__] 2024-02-27 18:07:59,216   - Скрипт запущен
[INFO      ] [модуль:    task_4.linked_list] 2024-02-27 18:07:59,217   - Создание односвязного списка посредством инициализации экземпляра класса LinkedList
[INFO      ] [модуль:    task_4.linked_list] 2024-02-27 18:07:59,217   - Создан пустой односвязный список
[INFO      ] [модуль:    task_4.linked_list] 2024-02-27 18:07:59,217   - Добавление элемента 10 в конец списка
[INFO      ] [модуль:    task_4.linked_list] 2024-02-27 18:07:59,217   - Создание узла с использованием инициализации экземпляра класса Node
[INFO      ] [модуль:    task_4.linked_list] 2024-02-27 18:07:59,217   - Узел создан со значением 10
[INFO      ] [модуль:    task_4.linked_list] 2024-02-27 18:07:59,218   - Добавление элемента 20 в конец списка
[INFO      ] [модуль:    task_4.linked_list] 2024-02-27 18:07:59,218   - Создание узла с использованием инициализации экземпляра класса Node
[INFO      ] [модуль:    task_4.linked_list] 2024-02-27 18:07:59,218   - Узел создан со значением 20
[INFO      ] [модуль:    task_4.linked_list] 2024-02-27 18:07:59,218   - Элемент 20 добавлен в конец списка
[INFO      ] [модуль:    task_4.linked_list] 2024-02-27 18:07:59,218   - Добавление элемента 30 в конец списка
[INFO      ] [модуль:    task_4.linked_list] 2024-02-27 18:07:59,218   - Создание узла с использованием инициализации экземпляра класса Node
[INFO      ] [модуль:    task_4.linked_list] 2024-02-27 18:07:59,218   - Узел создан со значением 30
[INFO      ] [модуль:    task_4.linked_list] 2024-02-27 18:07:59,218   - Элемент 30 добавлен в конец списка
[INFO      ] [модуль:    task_4.linked_list] 2024-02-27 18:07:59,219   - Добавление элемента 40 в конец списка
[INFO      ] [модуль:    task_4.linked_list] 2024-02-27 18:07:59,219   - Создание узла с использованием инициализации экземпляра класса Node
[INFO      ] [модуль:    task_4.linked_list] 2024-02-27 18:07:59,219   - Узел создан со значением 40
[INFO      ] [модуль:    task_4.linked_list] 2024-02-27 18:07:59,219   - Элемент 40 добавлен в конец списка
[INFO      ] [модуль:              __main__] 2024-02-27 18:14:00,599   - Скрипт запущен
[INFO      ] [модуль:    task_4.linked_list] 2024-02-27 18:14:00,599   - Создание односвязного списка посредством инициализации экземпляра класса LinkedList
[INFO      ] [модуль:    task_4.linked_list] 2024-02-27 18:14:00,599   - Создан пустой односвязный список
[INFO      ] [модуль:    task_4.linked_list] 2024-02-27 18:14:00,599   - Добавление элемента 10 в конец списка
[INFO      ] [модуль:    task_4.linked_list] 2024-02-27 18:14:00,599   - Создание узла с использованием инициализации экземпляра класса Node
[INFO      ] [модуль:    task_4.linked_list] 2024-02-27 18:14:00,599   - Узел создан со значением 10
[INFO      ] [модуль:    task_4.linked_list] 2024-02-27 18:14:00,599   - Добавление элемента 20 в конец списка
[INFO      ] [модуль:    task_4.linked_list] 2024-02-27 18:14:00,599   - Создание узла с использованием инициализации экземпляра класса Node
[INFO      ] [модуль:    task_4.linked_list] 2024-02-27 18:14:00,599   - Узел создан со значением 20
[INFO      ] [модуль:    task_4.linked_list] 2024-02-27 18:14:00,599   - Элемент 20 добавлен в конец списка
[INFO      ] [модуль:    task_4.linked_list] 2024-02-27 18:14:00,599   - Добавление элемента 30 в конец списка
[INFO      ] [модуль:    task_4.linked_list] 2024-02-27 18:14:00,600   - Создание узла с использованием инициализации экземпляра класса Node
[INFO      ] [модуль:    task_4.linked_list] 2024-02-27 18:14:00,600   - Узел создан со значением 30
[INFO      ] [модуль:    task_4.linked_list] 2024-02-27 18:14:00,600   - Элемент 30 добавлен в конец списка
[INFO      ] [модуль:    task_4.linked_list] 2024-02-27 18:14:00,600   - Добавление элемента 40 в конец списка
[INFO      ] [модуль:    task_4.linked_list] 2024-02-27 18:14:00,600   - Создание узла с использованием инициализации экземпляра класса Node
[INFO      ] [модуль:    task_4.linked_list] 2024-02-27 18:14:00,600   - Узел создан со значением 40
[INFO      ] [модуль:    task_4.linked_list] 2024-02-27 18:14:00,600   - Элемент 40 добавлен в конец списка
[INFO      ] [модуль:    task_4.linked_list] 2024-02-27 18:14:00,600   - Получение элемента по индексу
[ERROR     ] [модуль:    task_4.linked_list] 2024-02-27 18:14:00,600   - Передаваемый индекс должен быть числовой. В функцию передано значение h
[INFO      ] [модуль:              __main__] 2024-02-27 18:15:05,826   - Скрипт запущен
[INFO      ] [модуль:    task_4.linked_list] 2024-02-27 18:15:05,826   - Создание односвязного списка посредством инициализации экземпляра класса LinkedList
[INFO      ] [модуль:    task_4.linked_list] 2024-02-27 18:15:05,826   - Создан пустой односвязный список
[INFO      ] [модуль:    task_4.linked_list] 2024-02-27 18:15:05,826   - Добавление элемента 10 в конец списка
[INFO      ] [модуль:    task_4.linked_list] 2024-02-27 18:15:05,826   - Создание узла с использованием инициализации экземпляра класса Node
[INFO      ] [модуль:    task_4.linked_list] 2024-02-27 18:15:05,827   - Узел создан со значением 10
[INFO      ] [модуль:    task_4.linked_list] 2024-02-27 18:15:05,827   - Добавление элемента 20 в конец списка
[INFO      ] [модуль:    task_4.linked_list] 2024-02-27 18:15:05,827   - Создание узла с использованием инициализации экземпляра класса Node
[INFO      ] [модуль:    task_4.linked_list] 2024-02-27 18:15:05,827   - Узел создан со значением 20
[INFO      ] [модуль:    task_4.linked_list] 2024-02-27 18:15:05,827   - Элемент 20 добавлен в конец списка
[INFO      ] [модуль:    task_4.linked_list] 2024-02-27 18:15:05,827   - Добавление элемента 30 в конец списка
[INFO      ] [модуль:    task_4.linked_list] 2024-02-27 18:15:05,827   - Создание узла с использованием инициализации экземпляра класса Node
[INFO      ] [модуль:    task_4.linked_list] 2024-02-27 18:15:05,827   - Узел создан со значением 30
[INFO      ] [модуль:    task_4.linked_list] 2024-02-27 18:15:05,827   - Элемент 30 добавлен в конец списка
[INFO      ] [модуль:    task_4.linked_list] 2024-02-27 18:15:05,827   - Добавление элемента 40 в конец списка
[INFO      ] [модуль:    task_4.linked_list] 2024-02-27 18:15:05,827   - Создание узла с использованием инициализации экземпляра класса Node
[INFO      ] [модуль:    task_4.linked_list] 2024-02-27 18:15:05,827   - Узел создан со значением 40
[INFO      ] [модуль:    task_4.linked_list] 2024-02-27 18:15:05,827   - Элемент 40 добавлен в конец списка
[INFO      ] [модуль:    task_4.linked_list] 2024-02-27 18:15:05,828   - Получение элемента по индексу
[INFO      ] [модуль:    task_4.linked_list] 2024-02-27 18:15:05,828   - Элемент успешно получен - 30
[INFO      ] [модуль:              __main__] 2024-02-27 18:25:51,637   - Скрипт запущен
[INFO      ] [модуль:    task_4.linked_list] 2024-02-27 18:25:51,637   - Создание односвязного списка посредством инициализации экземпляра класса LinkedList
[INFO      ] [модуль:    task_4.linked_list] 2024-02-27 18:25:51,637   - Создан пустой односвязный список
[INFO      ] [модуль:    task_4.linked_list] 2024-02-27 18:25:51,637   - Добавление элемента 10 в конец списка
[INFO      ] [модуль:    task_4.linked_list] 2024-02-27 18:25:51,637   - Создание узла с использованием инициализации экземпляра класса Node
[INFO      ] [модуль:    task_4.linked_list] 2024-02-27 18:25:51,637   - Узел создан со значением 10
[INFO      ] [модуль:    task_4.linked_list] 2024-02-27 18:25:51,637   - Добавление элемента 20 в конец списка
[INFO      ] [модуль:    task_4.linked_list] 2024-02-27 18:25:51,637   - Создание узла с использованием инициализации экземпляра класса Node
[INFO      ] [модуль:    task_4.linked_list] 2024-02-27 18:25:51,637   - Узел создан со значением 20
[INFO      ] [модуль:    task_4.linked_list] 2024-02-27 18:25:51,637   - Элемент 20 добавлен в конец списка
[INFO      ] [модуль:    task_4.linked_list] 2024-02-27 18:25:51,638   - Добавление элемента 30 в конец списка
[INFO      ] [модуль:    task_4.linked_list] 2024-02-27 18:25:51,638   - Создание узла с использованием инициализации экземпляра класса Node
[INFO      ] [модуль:    task_4.linked_list] 2024-02-27 18:25:51,638   - Узел создан со значением 30
[INFO      ] [модуль:    task_4.linked_list] 2024-02-27 18:25:51,638   - Элемент 30 добавлен в конец списка
[INFO      ] [модуль:    task_4.linked_list] 2024-02-27 18:25:51,638   - Добавление элемента 40 в конец списка
[INFO      ] [модуль:    task_4.linked_list] 2024-02-27 18:25:51,638   - Создание узла с использованием инициализации экземпляра класса Node
[INFO      ] [модуль:    task_4.linked_list] 2024-02-27 18:25:51,638   - Узел создан со значением 40
[INFO      ] [модуль:    task_4.linked_list] 2024-02-27 18:25:51,638   - Элемент 40 добавлен в конец списка
[INFO      ] [модуль:    task_4.linked_list] 2024-02-27 18:25:51,638   - Получение элемента по индексу
[INFO      ] [модуль:    task_4.linked_list] 2024-02-27 18:25:51,638   - Элемент успешно получен. Значение элемента - 30
[INFO      ] [модуль:              __main__] 2024-02-27 18:26:08,710   - Скрипт запущен
[INFO      ] [модуль:    task_4.linked_list] 2024-02-27 18:26:08,710   - Создание односвязного списка посредством инициализации экземпляра класса LinkedList
[INFO      ] [модуль:    task_4.linked_list] 2024-02-27 18:26:08,710   - Создан пустой односвязный список
[INFO      ] [модуль:    task_4.linked_list] 2024-02-27 18:26:08,710   - Добавление элемента 10 в конец списка
[INFO      ] [модуль:    task_4.linked_list] 2024-02-27 18:26:08,710   - Создание узла с использованием инициализации экземпляра класса Node
[INFO      ] [модуль:    task_4.linked_list] 2024-02-27 18:26:08,711   - Узел создан со значением 10
[INFO      ] [модуль:    task_4.linked_list] 2024-02-27 18:26:08,711   - Добавление элемента 20 в конец списка
[INFO      ] [модуль:    task_4.linked_list] 2024-02-27 18:26:08,711   - Создание узла с использованием инициализации экземпляра класса Node
[INFO      ] [модуль:    task_4.linked_list] 2024-02-27 18:26:08,711   - Узел создан со значением 20
[INFO      ] [модуль:    task_4.linked_list] 2024-02-27 18:26:08,711   - Элемент 20 добавлен в конец списка
[INFO      ] [модуль:    task_4.linked_list] 2024-02-27 18:26:08,711   - Добавление элемента 30 в конец списка
[INFO      ] [модуль:    task_4.linked_list] 2024-02-27 18:26:08,711   - Создание узла с использованием инициализации экземпляра класса Node
[INFO      ] [модуль:    task_4.linked_list] 2024-02-27 18:26:08,711   - Узел создан со значением 30
[INFO      ] [модуль:    task_4.linked_list] 2024-02-27 18:26:08,712   - Элемент 30 добавлен в конец списка
[INFO      ] [модуль:    task_4.linked_list] 2024-02-27 18:26:08,712   - Добавление элемента 40 в конец списка
[INFO      ] [модуль:    task_4.linked_list] 2024-02-27 18:26:08,712   - Создание узла с использованием инициализации экземпляра класса Node
[INFO      ] [модуль:    task_4.linked_list] 2024-02-27 18:26:08,712   - Узел создан со значением 40
[INFO      ] [модуль:    task_4.linked_list] 2024-02-27 18:26:08,712   - Элемент 40 добавлен в конец списка
[INFO      ] [модуль:    task_4.linked_list] 2024-02-27 18:26:08,712   - Получение элемента по индексу
[INFO      ] [модуль:    task_4.linked_list] 2024-02-27 18:26:08,712   - Элемент успешно получен. Значение элемента - 30
[INFO      ] [модуль:    task_4.linked_list] 2024-02-27 18:26:08,712   - Удаление узла по индексу
[ERROR     ] [модуль:    task_4.linked_list] 2024-02-27 18:26:08,712   - Передаваемый индекс должен быть числовой. В функцию передано значение j
[INFO      ] [модуль:              __main__] 2024-02-27 18:27:11,806   - Скрипт запущен
[INFO      ] [модуль:    task_4.linked_list] 2024-02-27 18:27:11,806   - Создание односвязного списка посредством инициализации экземпляра класса LinkedList
[INFO      ] [модуль:    task_4.linked_list] 2024-02-27 18:27:11,806   - Создан пустой односвязный список
[INFO      ] [модуль:    task_4.linked_list] 2024-02-27 18:27:11,806   - Добавление элемента 10 в конец списка
[INFO      ] [модуль:    task_4.linked_list] 2024-02-27 18:27:11,807   - Создание узла с использованием инициализации экземпляра класса Node
[INFO      ] [модуль:    task_4.linked_list] 2024-02-27 18:27:11,807   - Узел создан со значением 10
[INFO      ] [модуль:    task_4.linked_list] 2024-02-27 18:27:11,807   - Добавление элемента 20 в конец списка
[INFO      ] [модуль:    task_4.linked_list] 2024-02-27 18:27:11,807   - Создание узла с использованием инициализации экземпляра класса Node
[INFO      ] [модуль:    task_4.linked_list] 2024-02-27 18:27:11,807   - Узел создан со значением 20
[INFO      ] [модуль:    task_4.linked_list] 2024-02-27 18:27:11,807   - Элемент 20 добавлен в конец списка
[INFO      ] [модуль:    task_4.linked_list] 2024-02-27 18:27:11,807   - Добавление элемента 30 в конец списка
[INFO      ] [модуль:    task_4.linked_list] 2024-02-27 18:27:11,807   - Создание узла с использованием инициализации экземпляра класса Node
[INFO      ] [модуль:    task_4.linked_list] 2024-02-27 18:27:11,808   - Узел создан со значением 30
[INFO      ] [модуль:    task_4.linked_list] 2024-02-27 18:27:11,808   - Элемент 30 добавлен в конец списка
[INFO      ] [модуль:    task_4.linked_list] 2024-02-27 18:27:11,808   - Добавление элемента 40 в конец списка
[INFO      ] [модуль:    task_4.linked_list] 2024-02-27 18:27:11,808   - Создание узла с использованием инициализации экземпляра класса Node
[INFO      ] [модуль:    task_4.linked_list] 2024-02-27 18:27:11,808   - Узел создан со значением 40
[INFO      ] [модуль:    task_4.linked_list] 2024-02-27 18:27:11,808   - Элемент 40 добавлен в конец списка
[INFO      ] [модуль:    task_4.linked_list] 2024-02-27 18:27:11,808   - Получение элемента по индексу
[INFO      ] [модуль:    task_4.linked_list] 2024-02-27 18:27:11,808   - Элемент успешно получен. Значение элемента - 30
[INFO      ] [модуль:    task_4.linked_list] 2024-02-27 18:27:11,809   - Удаление узла по индексу
[INFO      ] [модуль:    task_4.linked_list] 2024-02-27 18:27:11,809   - Узел успешно удален
[INFO      ] [модуль:              __main__] 2024-02-27 18:29:29,312   - Скрипт запущен
[INFO      ] [модуль:    task_4.linked_list] 2024-02-27 18:29:29,312   - Создание односвязного списка посредством инициализации экземпляра класса LinkedList
[INFO      ] [модуль:    task_4.linked_list] 2024-02-27 18:29:29,312   - Создан пустой односвязный список
[INFO      ] [модуль:    task_4.linked_list] 2024-02-27 18:29:29,312   - Добавление элемента 10 в конец списка
[INFO      ] [модуль:    task_4.linked_list] 2024-02-27 18:29:29,312   - Создание узла с использованием инициализации экземпляра класса Node
[INFO      ] [модуль:    task_4.linked_list] 2024-02-27 18:29:29,313   - Узел создан со значением 10
[INFO      ] [модуль:    task_4.linked_list] 2024-02-27 18:29:29,313   - Добавление элемента 20 в конец списка
[INFO      ] [модуль:    task_4.linked_list] 2024-02-27 18:29:29,313   - Создание узла с использованием инициализации экземпляра класса Node
[INFO      ] [модуль:    task_4.linked_list] 2024-02-27 18:29:29,313   - Узел создан со значением 20
[INFO      ] [модуль:    task_4.linked_list] 2024-02-27 18:29:29,313   - Элемент 20 добавлен в конец списка
[INFO      ] [модуль:    task_4.linked_list] 2024-02-27 18:29:29,313   - Добавление элемента 30 в конец списка
[INFO      ] [модуль:    task_4.linked_list] 2024-02-27 18:29:29,313   - Создание узла с использованием инициализации экземпляра класса Node
[INFO      ] [модуль:    task_4.linked_list] 2024-02-27 18:29:29,313   - Узел создан со значением 30
[INFO      ] [модуль:    task_4.linked_list] 2024-02-27 18:29:29,313   - Элемент 30 добавлен в конец списка
[INFO      ] [модуль:    task_4.linked_list] 2024-02-27 18:29:29,313   - Добавление элемента 40 в конец списка
[INFO      ] [модуль:    task_4.linked_list] 2024-02-27 18:29:29,313   - Создание узла с использованием инициализации экземпляра класса Node
[INFO      ] [модуль:    task_4.linked_list] 2024-02-27 18:29:29,313   - Узел создан со значением 40
[INFO      ] [модуль:    task_4.linked_list] 2024-02-27 18:29:29,313   - Элемент 40 добавлен в конец списка
[INFO      ] [модуль:              __main__] 2024-02-28 11:49:10,178   - Скрипт запущен
[INFO      ] [модуль: task_5.log_processing] 2024-02-28 11:49:10,178   - Запрос пути к файлу с логами
[INFO      ] [модуль: task_5.log_processing] 2024-02-28 11:49:18,690   - Функция get_files_path отработала корректно. Получено путь: /home/anton/PycharmProjects/iterators_and_generators/my_log.log
[INFO      ] [модуль:              __main__] 2024-02-28 11:49:18,691   - Запись ошибок error из лог файла в файл error.txt
[INFO      ] [модуль: task_5.log_processing] 2024-02-28 11:49:18,691   - Запуск функции error_log_generator
[INFO      ] [модуль: task_5.log_processing] 2024-02-28 11:49:18,691   - Функция error_log_generator отработала корректно
[INFO      ] [модуль:              __main__] 2024-02-28 11:49:18,691   - Все ошибки уровня error записаны в отдельный файл error.txt
[INFO      ] [модуль:              __main__] 2024-02-28 11:50:23,183   - Скрипт запущен
[INFO      ] [модуль: task_5.log_processing] 2024-02-28 11:50:23,183   - Запрос пути к файлу с логами
[INFO      ] [модуль: task_5.log_processing] 2024-02-28 11:50:26,225   - Функция get_files_path отработала корректно. Получено путь: /home/anton/PycharmProjects/iterators_and_generators/my_log.log
[INFO      ] [модуль:              __main__] 2024-02-28 11:50:26,225   - Запись ошибок error из лог файла в файл error.txt
[INFO      ] [модуль: task_5.log_processing] 2024-02-28 11:50:26,225   - Запуск функции error_log_generator
[INFO      ] [модуль: task_5.log_processing] 2024-02-28 11:50:26,226   - Функция error_log_generator отработала корректно
[INFO      ] [модуль:              __main__] 2024-02-28 11:50:26,226   - Все ошибки уровня error записаны в отдельный файл error.txt
[INFO      ] [модуль:              __main__] 2024-02-28 11:51:16,175   - Скрипт запущен
[INFO      ] [модуль: task_5.log_processing] 2024-02-28 11:51:16,175   - Запрос пути к файлу с логами
[INFO      ] [модуль: task_5.log_processing] 2024-02-28 11:51:20,248   - Функция get_files_path отработала корректно. Получено путь: /home/anton/PycharmProjects/iterators_and_generators
[INFO      ] [модуль:              __main__] 2024-02-28 11:51:20,248   - Запись ошибок error из лог файла в файл error.txt
[INFO      ] [модуль: task_5.log_processing] 2024-02-28 11:51:20,249   - Запуск функции error_log_generator
[ERROR     ] [модуль: task_5.log_processing] 2024-02-28 11:51:20,249   - Указанный путь (/home/anton/PycharmProjects/iterators_and_generators) к файлу не существует или не является файлом
[INFO      ] [модуль:              __main__] 2024-02-28 11:51:20,249   - Все ошибки уровня error записаны в отдельный файл error.txt
[INFO      ] [модуль:              __main__] 2024-02-28 12:31:02,802   - Скрипт запущен
[INFO      ] [модуль: task_5.log_processing] 2024-02-28 12:31:02,802   - Запрос пути к файлу с логами
[INFO      ] [модуль: task_5.log_processing] 2024-02-28 12:31:04,651   - Функция get_files_path отработала корректно. Получено путь: /home/anton/PycharmProjects/iterators_and_generators
[INFO      ] [модуль:              __main__] 2024-02-28 12:31:04,651   - Запись ошибок error из лог файла в файл error.txt
[INFO      ] [модуль: task_5.log_processing] 2024-02-28 12:31:04,651   - Запуск функции error_log_generator
[INFO      ] [модуль:              __main__] 2024-02-28 12:32:24,037   - Скрипт запущен
[INFO      ] [модуль: task_5.log_processing] 2024-02-28 12:32:24,037   - Запрос пути к файлу с логами
[INFO      ] [модуль: task_5.log_processing] 2024-02-28 12:32:25,972   - Функция get_files_path отработала корректно. Получено путь: /home/anton/PycharmProjects/iterators_and_generators
[INFO      ] [модуль:              __main__] 2024-02-28 12:32:25,972   - Запись ошибок error из лог файла в файл error.txt
[INFO      ] [модуль: task_5.log_processing] 2024-02-28 12:32:25,972   - Запуск функции error_log_generator
[ERROR     ] [модуль:              __main__] 2024-02-28 12:32:25,972   - Указанный путь (/home/anton/PycharmProjects/iterators_and_generators) к файлу не существует или не является файлом
[INFO      ] [модуль:              __main__] 2024-02-28 12:33:05,561   - Скрипт запущен
[INFO      ] [модуль: task_5.log_processing] 2024-02-28 12:33:05,562   - Запрос пути к файлу с логами
[INFO      ] [модуль: task_5.log_processing] 2024-02-28 12:33:08,600   - Функция get_files_path отработала корректно. Получено путь: /home/anton/PycharmProjects/iterators_and_generators/my_log.log
[INFO      ] [модуль:              __main__] 2024-02-28 12:33:08,601   - Запись ошибок error из лог файла в файл error.txt
[INFO      ] [модуль: task_5.log_processing] 2024-02-28 12:33:08,601   - Запуск функции error_log_generator
[INFO      ] [модуль: task_5.log_processing] 2024-02-28 12:33:08,602   - Функция error_log_generator отработала корректно
[INFO      ] [модуль:              __main__] 2024-02-28 12:33:08,602   - Все ошибки уровня error записаны в отдельный файл error.txt
